Created by PLY version 3.11 (http://www.dabeaz.com/ply)

Grammar

Rule 0     S' -> query
Rule 1     query -> SELECT select_list FROM IDENTIFIER where_clause_opt SEMICOLON
Rule 2     select_list -> STAR
Rule 3     select_list -> column_list
Rule 4     column_list -> IDENTIFIER
Rule 5     column_list -> column_list COMMA IDENTIFIER
Rule 6     where_clause_opt -> WHERE condition
Rule 7     where_clause_opt -> empty
Rule 8     condition -> condition AND condition
Rule 9     condition -> condition OR condition
Rule 10    condition -> comparison
Rule 11    comparison -> IDENTIFIER operator literal
Rule 12    operator -> EQ
Rule 13    operator -> NE
Rule 14    operator -> GT
Rule 15    operator -> LT
Rule 16    operator -> GE
Rule 17    operator -> LE
Rule 18    literal -> NUMBER
Rule 19    literal -> STRING
Rule 20    empty -> <empty>

Terminals, with rules where they appear

AND                  : 8
COMMA                : 5
EQ                   : 12
FROM                 : 1
GE                   : 16
GT                   : 14
IDENTIFIER           : 1 4 5 11
LE                   : 17
LT                   : 15
NE                   : 13
NUMBER               : 18
OR                   : 9
SELECT               : 1
SEMICOLON            : 1
STAR                 : 2
STRING               : 19
WHERE                : 6
error                : 

Nonterminals, with rules where they appear

column_list          : 3 5
comparison           : 10
condition            : 6 8 8 9 9
empty                : 7
literal              : 11
operator             : 11
query                : 0
select_list          : 1
where_clause_opt     : 1

Parsing method: LALR

state 0

    (0) S' -> . query
    (1) query -> . SELECT select_list FROM IDENTIFIER where_clause_opt SEMICOLON

    SELECT          shift and go to state 2

    query                          shift and go to state 1

state 1

    (0) S' -> query .



state 2

    (1) query -> SELECT . select_list FROM IDENTIFIER where_clause_opt SEMICOLON
    (2) select_list -> . STAR
    (3) select_list -> . column_list
    (4) column_list -> . IDENTIFIER
    (5) column_list -> . column_list COMMA IDENTIFIER

    STAR            shift and go to state 5
    IDENTIFIER      shift and go to state 4

    select_list                    shift and go to state 3
    column_list                    shift and go to state 6

state 3

    (1) query -> SELECT select_list . FROM IDENTIFIER where_clause_opt SEMICOLON

    FROM            shift and go to state 7


state 4

    (4) column_list -> IDENTIFIER .

    COMMA           reduce using rule 4 (column_list -> IDENTIFIER .)
    FROM            reduce using rule 4 (column_list -> IDENTIFIER .)


state 5

    (2) select_list -> STAR .

    FROM            reduce using rule 2 (select_list -> STAR .)


state 6

    (3) select_list -> column_list .
    (5) column_list -> column_list . COMMA IDENTIFIER

    FROM            reduce using rule 3 (select_list -> column_list .)
    COMMA           shift and go to state 8


state 7

    (1) query -> SELECT select_list FROM . IDENTIFIER where_clause_opt SEMICOLON

    IDENTIFIER      shift and go to state 9


state 8

    (5) column_list -> column_list COMMA . IDENTIFIER

    IDENTIFIER      shift and go to state 10


state 9

    (1) query -> SELECT select_list FROM IDENTIFIER . where_clause_opt SEMICOLON
    (6) where_clause_opt -> . WHERE condition
    (7) where_clause_opt -> . empty
    (20) empty -> .

    WHERE           shift and go to state 12
    SEMICOLON       reduce using rule 20 (empty -> .)

    where_clause_opt               shift and go to state 11
    empty                          shift and go to state 13

state 10

    (5) column_list -> column_list COMMA IDENTIFIER .

    COMMA           reduce using rule 5 (column_list -> column_list COMMA IDENTIFIER .)
    FROM            reduce using rule 5 (column_list -> column_list COMMA IDENTIFIER .)


state 11

    (1) query -> SELECT select_list FROM IDENTIFIER where_clause_opt . SEMICOLON

    SEMICOLON       shift and go to state 14


state 12

    (6) where_clause_opt -> WHERE . condition
    (8) condition -> . condition AND condition
    (9) condition -> . condition OR condition
    (10) condition -> . comparison
    (11) comparison -> . IDENTIFIER operator literal

    IDENTIFIER      shift and go to state 17

    condition                      shift and go to state 15
    comparison                     shift and go to state 16

state 13

    (7) where_clause_opt -> empty .

    SEMICOLON       reduce using rule 7 (where_clause_opt -> empty .)


state 14

    (1) query -> SELECT select_list FROM IDENTIFIER where_clause_opt SEMICOLON .

    $end            reduce using rule 1 (query -> SELECT select_list FROM IDENTIFIER where_clause_opt SEMICOLON .)


state 15

    (6) where_clause_opt -> WHERE condition .
    (8) condition -> condition . AND condition
    (9) condition -> condition . OR condition

    SEMICOLON       reduce using rule 6 (where_clause_opt -> WHERE condition .)
    AND             shift and go to state 18
    OR              shift and go to state 19


state 16

    (10) condition -> comparison .

    AND             reduce using rule 10 (condition -> comparison .)
    OR              reduce using rule 10 (condition -> comparison .)
    SEMICOLON       reduce using rule 10 (condition -> comparison .)


state 17

    (11) comparison -> IDENTIFIER . operator literal
    (12) operator -> . EQ
    (13) operator -> . NE
    (14) operator -> . GT
    (15) operator -> . LT
    (16) operator -> . GE
    (17) operator -> . LE

    EQ              shift and go to state 21
    NE              shift and go to state 22
    GT              shift and go to state 23
    LT              shift and go to state 24
    GE              shift and go to state 25
    LE              shift and go to state 26

    operator                       shift and go to state 20

state 18

    (8) condition -> condition AND . condition
    (8) condition -> . condition AND condition
    (9) condition -> . condition OR condition
    (10) condition -> . comparison
    (11) comparison -> . IDENTIFIER operator literal

    IDENTIFIER      shift and go to state 17

    condition                      shift and go to state 27
    comparison                     shift and go to state 16

state 19

    (9) condition -> condition OR . condition
    (8) condition -> . condition AND condition
    (9) condition -> . condition OR condition
    (10) condition -> . comparison
    (11) comparison -> . IDENTIFIER operator literal

    IDENTIFIER      shift and go to state 17

    condition                      shift and go to state 28
    comparison                     shift and go to state 16

state 20

    (11) comparison -> IDENTIFIER operator . literal
    (18) literal -> . NUMBER
    (19) literal -> . STRING

    NUMBER          shift and go to state 30
    STRING          shift and go to state 31

    literal                        shift and go to state 29

state 21

    (12) operator -> EQ .

    NUMBER          reduce using rule 12 (operator -> EQ .)
    STRING          reduce using rule 12 (operator -> EQ .)


state 22

    (13) operator -> NE .

    NUMBER          reduce using rule 13 (operator -> NE .)
    STRING          reduce using rule 13 (operator -> NE .)


state 23

    (14) operator -> GT .

    NUMBER          reduce using rule 14 (operator -> GT .)
    STRING          reduce using rule 14 (operator -> GT .)


state 24

    (15) operator -> LT .

    NUMBER          reduce using rule 15 (operator -> LT .)
    STRING          reduce using rule 15 (operator -> LT .)


state 25

    (16) operator -> GE .

    NUMBER          reduce using rule 16 (operator -> GE .)
    STRING          reduce using rule 16 (operator -> GE .)


state 26

    (17) operator -> LE .

    NUMBER          reduce using rule 17 (operator -> LE .)
    STRING          reduce using rule 17 (operator -> LE .)


state 27

    (8) condition -> condition AND condition .
    (8) condition -> condition . AND condition
    (9) condition -> condition . OR condition

    AND             reduce using rule 8 (condition -> condition AND condition .)
    OR              reduce using rule 8 (condition -> condition AND condition .)
    SEMICOLON       reduce using rule 8 (condition -> condition AND condition .)

  ! AND             [ shift and go to state 18 ]
  ! OR              [ shift and go to state 19 ]


state 28

    (9) condition -> condition OR condition .
    (8) condition -> condition . AND condition
    (9) condition -> condition . OR condition

    OR              reduce using rule 9 (condition -> condition OR condition .)
    SEMICOLON       reduce using rule 9 (condition -> condition OR condition .)
    AND             shift and go to state 18

  ! AND             [ reduce using rule 9 (condition -> condition OR condition .) ]
  ! OR              [ shift and go to state 19 ]


state 29

    (11) comparison -> IDENTIFIER operator literal .

    AND             reduce using rule 11 (comparison -> IDENTIFIER operator literal .)
    OR              reduce using rule 11 (comparison -> IDENTIFIER operator literal .)
    SEMICOLON       reduce using rule 11 (comparison -> IDENTIFIER operator literal .)


state 30

    (18) literal -> NUMBER .

    AND             reduce using rule 18 (literal -> NUMBER .)
    OR              reduce using rule 18 (literal -> NUMBER .)
    SEMICOLON       reduce using rule 18 (literal -> NUMBER .)


state 31

    (19) literal -> STRING .

    AND             reduce using rule 19 (literal -> STRING .)
    OR              reduce using rule 19 (literal -> STRING .)
    SEMICOLON       reduce using rule 19 (literal -> STRING .)

